<?xml version="1.0" encoding="UTF-8"?>
<!-- Generated by org.testng.reporters.JUnitReportReporter -->
<testsuite hostname="DESKTOP-UGSSB7B" failures="0" tests="2" name="TsetNgBasics.AnnotationsDemo" time="0.044" errors="0" timestamp="2023-03-13T22:02:47 IST" skipped="0">
  <testcase classname="TsetNgBasics.AnnotationsDemo" name="validateLogin" time="0.020"/>
  <system-out/>
  <testcase classname="TsetNgBasics.AnnotationsDemo" name="validateTitle" time="0.024"/>
  <system-out/>
</testsuite> <!-- TsetNgBasics.AnnotationsDemo -->
